2025-08-08 11:35:11,181 - ERROR - Error loading config: Expecting value: line 1 column 1 (char 0)
2025-08-08 11:35:11,182 - INFO - Launcher initialized for Windows
2025-08-08 11:50:12,572 - INFO - Starting launch sequence for: outlook
2025-08-08 11:50:12,574 - INFO - Attempt 1/3
2025-08-08 11:50:13,383 - INFO - Screenshot saved: ./screenshots/initial_outlook_0.png
2025-08-08 11:50:13,384 - INFO - Searching for app with aliases: ['microsoft outlook', 'mail', 'outlook']
2025-08-08 11:50:42,163 - INFO - outlook not found on screen, opening search...
2025-08-08 11:50:43,466 - INFO - Opened system search for Windows
2025-08-08 11:50:44,466 - INFO - Screenshot saved: ./screenshots/search_outlook_0.png
2025-08-08 11:50:45,679 - INFO - Typed: outlook
2025-08-08 11:50:48,341 - INFO - Screenshot saved: ./screenshots/results_outlook_0.png
2025-08-08 11:50:48,343 - INFO - Searching for app with aliases: ['microsoft outlook', 'mail', 'outlook']
2025-08-08 11:51:14,363 - INFO - Best match found using ocr with score 109.6
2025-08-08 11:51:14,364 - INFO - Found outlook in search results
2025-08-08 11:51:15,186 - INFO - Clicked at (765, 453)
2025-08-08 11:51:17,539 - INFO - Auto-close scheduled for outlook in 3 seconds...
2025-08-08 11:51:20,541 - INFO - Attempting to auto-close outlook...
2025-08-08 11:51:21,057 - INFO - Screenshot saved: ./screenshots/close_button_detection.png
2025-08-08 11:51:21,058 - INFO - Searching for close button...
2025-08-08 11:51:21,235 - INFO - Found 5 buttons using shape detection
2025-08-08 11:51:51,602 - INFO - Found 1 buttons using OCR detection
2025-08-08 11:51:51,602 - INFO - Found 5 unique close button candidates
2025-08-08 11:51:51,602 - INFO - Attempting to click close button #1 at (1891, 16) with confidence 169.0 (method: ocr_X)
2025-08-08 11:51:52,410 - INFO - Clicked at (1891, 16)
2025-08-08 11:51:53,964 - INFO - Screenshot saved: ./screenshots/verify_close.png
2025-08-08 11:52:08,009 - INFO - Starting launch sequence for: isqquit
2025-08-08 11:52:08,010 - INFO - Attempt 1/3
2025-08-08 11:52:08,811 - INFO - Screenshot saved: ./screenshots/initial_isqquit_0.png
2025-08-08 11:52:08,812 - INFO - Searching for app with aliases: ['isqquit']
2025-08-08 11:52:12,417 - ERROR - OCR failed at enhancement level 1: [WinError 32] The process cannot access the file because it is being used by another process: 'C:\\Users\\HP\\AppData\\Local\\Temp\\tess_8cd2hnvu_input.PNG'
2025-08-08 11:52:14,318 - INFO - Temporary files cleaned up
2025-08-08 11:55:14,982 - ERROR - Error loading config: Expecting value: line 1 column 1 (char 0)
2025-08-08 11:55:14,983 - INFO - Launcher initialized for Windows
2025-08-08 11:55:22,180 - INFO - Starting launch sequence for: compass
2025-08-08 11:55:22,182 - INFO - Attempt 1/3
2025-08-08 11:55:23,025 - INFO - Screenshot saved: ./screenshots/initial_compass_0.png
2025-08-08 11:55:23,027 - INFO - Searching for app with aliases: ['compass']
2025-08-08 11:55:33,620 - INFO - Best match found using ocr with score 81.02857142857142
2025-08-08 11:55:33,620 - INFO - Found compass at (1806, 454)
2025-08-08 11:55:34,508 - INFO - Clicked at (1806, 454)
2025-08-08 11:55:36,863 - INFO - Auto-close scheduled for compass in 3 seconds...
2025-08-08 11:55:39,866 - INFO - Attempting to auto-close compass...
2025-08-08 11:55:40,527 - INFO - Screenshot saved: ./screenshots/close_button_detection.png
2025-08-08 11:55:40,531 - INFO - Searching for close button...
2025-08-08 11:55:40,666 - INFO - Found 8 buttons using shape detection
2025-08-08 11:56:08,410 - INFO - Found 1 buttons using OCR detection
2025-08-08 11:56:08,411 - INFO - Found 9 unique close button candidates
2025-08-08 11:56:08,411 - INFO - Attempting to click close button #1 at (1882, 25) with confidence 195.0 (method: ocr_X)
2025-08-08 11:56:09,216 - INFO - Clicked at (1882, 25)
2025-08-08 11:56:10,836 - INFO - Screenshot saved: ./screenshots/verify_close.png
2025-08-08 11:56:26,140 - INFO - Temporary files cleaned up
