2025-08-08 11:54:04,828 - WARNING - Did not find app in search results. Pressing ENTER to launch first item.
2025-08-08 11:54:53,637 - WARNING - Did not find app in search results. Pressing ENTER to launch first item.
2025-08-08 11:57:02,652 - WARNING - Did not find app in search results. Pressing ENTER to launch first item.
2025-08-08 11:57:57,862 - INFO - Launched postman at (164,360)
2025-08-08 12:00:01,806 - WARNING - Did not find app in search results. Pressing ENTER to launch first item.
2025-08-08 12:42:35,194 - INFO - Starting launch sequence for: postman
2025-08-08 12:42:35,195 - INFO - Attempt 1 of 3
2025-08-08 12:42:35,910 - INFO - Screenshot saved: ./screenshots/desktop_postman_0.png
2025-08-08 12:42:40,948 - INFO - postman icon not found on desktop; opening system search...
2025-08-08 12:42:42,252 - INFO - Opened system search using shortcut for Windows
2025-08-08 12:42:44,961 - INFO - Screenshot saved: ./screenshots/search_results_postman_0.png
2025-08-08 12:42:49,089 - INFO - Found postman in search results at (164,362), clicking...
2025-08-09 19:48:45,366 - INFO - Starting launch sequence for: recycle bin
2025-08-09 19:48:45,390 - INFO - Attempt 1 of 3
2025-08-09 19:48:46,105 - INFO - Screenshot saved: ./screenshots/desktop_recycle bin_0.png
2025-08-09 19:48:51,559 - INFO - recycle bin icon not found on desktop; opening system search...
2025-08-09 19:48:52,865 - INFO - Opened system search using shortcut for Windows
2025-08-09 19:48:55,982 - INFO - Screenshot saved: ./screenshots/search_results_recycle bin_0.png
2025-08-09 19:49:00,431 - INFO - No match in search results, pressing Enter to launch top item
2025-08-09 20:03:07,747 - INFO - Starting launch sequence for: notepad
2025-08-09 20:03:07,747 - INFO - Attempt 1 of 3
2025-08-09 20:03:08,721 - INFO - Screenshot saved: ./screenshots/desktop_notepad_0.png
2025-08-09 20:03:13,010 - INFO - notepad icon not found on desktop; opening system search...
2025-08-09 20:03:14,312 - INFO - Opened system search using shortcut for Windows
2025-08-09 20:03:18,429 - INFO - Screenshot saved: ./screenshots/search_results_notepad_0.png
2025-08-09 20:03:22,886 - INFO - Found notepad in search results at (166,361), clicking...
2025-08-09 20:06:07,215 - INFO - Starting launch sequence for: open notepad
2025-08-09 20:06:07,215 - INFO - Attempt 1 of 3
2025-08-09 20:06:07,976 - INFO - Screenshot saved: ./screenshots/desktop_open notepad_0.png
2025-08-09 20:06:10,191 - INFO - open notepad icon not found on desktop; opening system search...
2025-08-09 20:06:11,493 - INFO - Opened system search using shortcut for Windows
2025-08-09 20:06:15,367 - INFO - Screenshot saved: ./screenshots/search_results_open notepad_0.png
2025-08-09 20:06:18,397 - INFO - Found open notepad in search results at (166,363), clicking...
2025-08-09 20:07:03,858 - INFO - Starting launch sequence for: notepad
2025-08-09 20:07:03,861 - INFO - Attempt 1 of 3
2025-08-09 20:07:04,606 - INFO - Screenshot saved: ./screenshots/desktop_notepad_0.png
2025-08-09 20:07:07,744 - INFO - notepad icon not found on desktop; opening system search...
2025-08-09 20:07:09,047 - INFO - Opened system search using shortcut for Windows
2025-08-09 20:07:12,709 - INFO - Screenshot saved: ./screenshots/search_results_notepad_0.png
2025-08-09 20:07:15,751 - INFO - Found notepad in search results at (765,453), clicking...
2025-08-09 20:10:17,920 - INFO - Starting launch sequence for: open notepad
2025-08-09 20:10:17,920 - INFO - Attempt 1 of 3
2025-08-09 20:10:18,736 - INFO - Screenshot saved: ./screenshots/desktop_open notepad_0.png
2025-08-09 20:10:23,021 - INFO - open notepad icon not found on desktop; opening system search...
2025-08-09 20:10:24,324 - INFO - Opened system search using shortcut for Windows
2025-08-09 20:10:28,285 - INFO - Screenshot saved: ./screenshots/search_results_open notepad_0.png
2025-08-09 20:10:31,769 - INFO - Found open notepad in search results at (166,363), clicking...
2025-08-09 21:08:49,436 - INFO - Starting launch sequence for: open notepad
2025-08-09 21:08:49,503 - INFO - Attempt 1 of 3
2025-08-09 21:08:50,474 - INFO - Screenshot saved: ./screenshots/desktop_open notepad_0.png
2025-08-09 21:08:55,542 - INFO - open notepad icon not found on desktop; opening system search...
2025-08-09 21:08:56,889 - INFO - Opened system search using shortcut for Windows
2025-08-09 21:09:00,129 - INFO - Screenshot saved: ./screenshots/search_results_open notepad_0.png
2025-08-09 21:09:03,608 - INFO - Found open notepad in search results at (166,363), clicking...
2025-08-09 22:13:41,285 - INFO - Launching: notepad
2025-08-09 22:14:18,815 - INFO - notepad NOT found on desktop; opening system search.
2025-08-09 22:14:29,633 - INFO - Found 'notepad' in search results at (166, 363).
2025-08-09 22:19:01,847 - INFO - Launching: postman
2025-08-09 22:19:17,045 - INFO - postman NOT found on desktop; opening system search.
2025-08-09 22:19:30,668 - INFO - Found 'postman' in search results at (164, 360).
2025-08-09 22:32:25,993 - INFO - Launching: chrome
2025-08-09 22:32:36,565 - INFO - Found 'chrome' at (142, 592) on desktop.
2025-08-09 22:32:49,577 - INFO - Launching: vs code
2025-08-09 22:33:02,022 - INFO - vs code NOT found on desktop; opening system search.
2025-08-09 22:33:25,637 - INFO - Launching: edge
2025-08-09 22:33:49,684 - INFO - edge NOT found on desktop; opening system search.
2025-08-09 22:34:01,626 - INFO - Found 'edge' in search results at (131, 480).
2025-08-09 22:45:09,947 - INFO - Launching: visual studo code
2025-08-09 22:45:21,601 - INFO - visual studo code NOT found on desktop; opening system search.
2025-08-09 23:07:57,846 - INFO - Launching: compass
2025-08-09 23:08:09,126 - INFO - compass NOT found on desktop; opening system search.
2025-08-09 23:19:34,709 - INFO - Launching: notepad
2025-08-09 23:19:47,124 - INFO - Found 'notepad' at (1253, 992) on desktop.
2025-08-09 23:24:35,624 - INFO - Launching: google chrome
2025-08-09 23:24:46,738 - INFO - google chrome NOT found on desktop; opening system search.
2025-08-10 22:18:17,620 - INFO - Launching: vscode
2025-08-10 22:18:35,202 - INFO - Found 'vscode' at (510, 741) on desktop.
2025-08-10 22:19:38,684 - INFO - Launching: vscode
2025-08-10 22:19:54,520 - INFO - Found 'vscode' at (139, 465) on desktop.
2025-08-10 22:21:27,450 - INFO - Launching: cls
2025-08-10 22:21:57,955 - INFO - Launching: vscode
2025-08-10 22:22:09,582 - INFO - Found 'vscode' at (141, 466) on desktop.
2025-08-10 22:22:24,339 - INFO - Launching: google chrome
2025-08-10 22:22:30,914 - INFO - google chrome NOT found on desktop; opening system search.
2025-08-10 22:22:47,272 - INFO - Launching: chrome
2025-08-10 22:22:53,882 - INFO - Found 'chrome' at (142, 588) on desktop.
2025-08-10 22:25:35,824 - INFO - Launching: vscode
2025-08-10 22:25:49,910 - INFO - Found 'vscode' at (141, 466) on desktop.
2025-08-11 09:06:29,864 - INFO - Launching: vscode
2025-08-11 09:06:50,953 - INFO - Found 'vscode' at (141, 466) on desktop.
2025-08-11 09:07:28,392 - INFO - Launching: vscode
2025-08-11 09:08:19,837 - INFO - vscode NOT found on desktop; opening system search.
2025-08-18 10:55:57,603 - INFO - Launching: notepad
2025-08-18 10:56:42,650 - INFO - notepad NOT found on desktop; opening system search.
2025-08-18 10:56:57,121 - INFO - Found 'notepad' in search results at (1169, 415).
2025-08-18 11:07:48,203 - INFO - OCR match: 'Apps' (score: 75) at (243,368)
2025-08-18 11:19:27,112 - INFO - OCR match: 'Settings' (score: 100) at (644,2197)
2025-08-18 11:35:09,843 - INFO - OCR match: 'Settings' (score: 100) at (644,476)
2025-08-18 11:35:09,844 - INFO - Tapping device at (644, 476) [bias=0]
2025-08-18 11:35:10,862 - INFO - Tapping device at (644, 396) [bias=80]
2025-08-18 11:35:12,107 - INFO - Tapping device at (644, 356) [bias=120]
2025-08-18 11:36:14,865 - INFO - OCR match: 'LinkedIn' (score: 100) at (406,2055)
2025-08-18 11:36:14,866 - INFO - Tapping device at (406, 2055) [bias=0]
2025-08-18 11:36:15,850 - INFO - Tapping device at (406, 1975) [bias=80]
2025-08-18 11:36:16,846 - INFO - Tapping device at (406, 1935) [bias=120]
2025-08-18 11:36:51,679 - INFO - OCR match: 'Maps' (score: 100) at (883,2059)
2025-08-18 11:36:51,680 - INFO - Tapping device at (883, 2059) [bias=0]
2025-08-18 11:36:52,591 - INFO - Tapping device at (883, 1979) [bias=80]
2025-08-18 11:36:53,547 - INFO - Tapping device at (883, 1939) [bias=120]
2025-08-18 11:48:23,456 - INFO - OCR match: 'Cricbuzz' (score: 100) at (167,2136)
2025-08-18 11:48:23,476 - INFO - Tapping device at (167, 2136) [bias=0]
2025-08-18 11:48:24,458 - INFO - Tapping device at (167, 2056) [bias=80]
2025-08-18 11:48:25,414 - INFO - Tapping device at (167, 2016) [bias=120]
2025-08-18 11:59:24,852 - INFO - OCR match: 'Cricbuzz' (score: 100) at (167,2136)
2025-08-18 11:59:24,877 - INFO - Tapping device at (167, 2136) [bias=0]
2025-08-18 11:59:25,794 - INFO - Tapping device at (167, 2056) [bias=80]
2025-08-18 11:59:26,746 - INFO - Tapping device at (167, 2016) [bias=120]
2025-08-18 12:00:14,316 - INFO - OCR match: 'Compass' (score: 100) at (405,1840)
2025-08-18 12:00:14,319 - INFO - Tapping device at (405, 1840) [bias=0]
2025-08-18 12:00:15,291 - INFO - Tapping device at (405, 1760) [bias=80]
2025-08-18 12:00:16,259 - INFO - Tapping device at (405, 1720) [bias=120]
2025-08-18 12:01:13,382 - INFO - OCR match: 'Cricbuzz' (score: 100) at (167,2136)
2025-08-18 12:01:13,383 - INFO - Tapping device at (167, 2136) [bias=0]
2025-08-18 12:01:14,328 - INFO - Tapping device at (167, 2056) [bias=80]
2025-08-18 12:01:15,274 - INFO - Tapping device at (167, 2016) [bias=120]
2025-08-18 13:39:09,605 - INFO - OCR match: 'Rapido' (score: 100) at (357,990)
2025-08-18 13:39:09,621 - INFO - Tapping device at (357, 960) [bias=0]
2025-08-18 13:39:10,038 - INFO - Tapping device at (357, 880) [bias=80]
2025-08-18 13:39:10,576 - INFO - Tapping device at (357, 840) [bias=120]
2025-08-18 13:48:28,497 - INFO - OCR match: 'Rapido' (score: 100) at (357,990)
2025-08-18 13:48:28,499 - INFO - Tapping device at (357, 960) [bias=0]
2025-08-18 13:48:28,911 - INFO - Tapping device at (357, 880) [bias=80]
2025-08-18 13:48:29,343 - INFO - Tapping device at (357, 840) [bias=120]
2025-08-18 14:03:00,306 - INFO - OCR match: 'Linkedin' (score: 100) at (371,1978)
2025-08-18 14:03:00,308 - INFO - Tapping device at (371, 1918) [bias=0]
2025-08-18 14:03:00,725 - INFO - Tapping device at (371, 1838) [bias=80]
2025-08-18 14:03:01,177 - INFO - Tapping device at (371, 1798) [bias=120]
2025-08-18 14:03:20,910 - INFO - OCR match: 'Linkedin' (score: 100) at (372,843)
2025-08-18 14:03:20,911 - INFO - Tapping device at (372, 817) [bias=0]
2025-08-18 14:03:21,300 - INFO - Tapping device at (372, 737) [bias=80]
2025-08-18 14:03:21,700 - INFO - Tapping device at (372, 697) [bias=120]
2025-08-18 14:06:26,068 - INFO - OCR match: 'Camera' (score: 100) at (367,1092)
2025-08-18 14:06:26,069 - INFO - Tapping device at (367, 1059) [bias=0]
2025-08-18 14:06:26,419 - INFO - Tapping device at (367, 979) [bias=80]
2025-08-18 14:06:26,973 - INFO - Tapping device at (367, 939) [bias=120]
2025-08-18 14:06:41,087 - INFO - OCR match: 'Camera' (score: 100) at (367,1720)
2025-08-18 14:06:41,088 - INFO - Tapping device at (367, 1668) [bias=0]
2025-08-18 14:06:41,425 - INFO - Tapping device at (367, 1588) [bias=80]
2025-08-18 14:06:41,972 - INFO - Tapping device at (367, 1548) [bias=120]
2025-08-19 10:32:38,139 - INFO - OCR match: 'Chrome' (score: 100) at (368,843)
2025-08-19 10:32:38,154 - INFO - Tapping device at (368, 817) [bias=0]
2025-08-19 10:32:38,553 - INFO - Tapping device at (368, 737) [bias=80]
2025-08-19 10:32:38,923 - INFO - Tapping device at (368, 697) [bias=120]
2025-08-19 10:34:57,900 - INFO - OCR match: 'Chrome' (score: 100) at (368,1175)
2025-08-19 10:34:57,901 - INFO - Tapping device at (368, 1139) [bias=0]
2025-08-19 10:34:58,315 - INFO - Tapping device at (368, 1059) [bias=80]
2025-08-19 10:34:58,802 - INFO - Tapping device at (368, 1019) [bias=120]
2025-08-19 10:36:03,769 - INFO - OCR match: 'Clock' (score: 100) at (343,1387)
2025-08-19 10:36:03,770 - INFO - Tapping device at (343, 1345) [bias=0]
2025-08-19 10:36:04,127 - INFO - Tapping device at (343, 1265) [bias=80]
2025-08-19 10:36:04,506 - INFO - Tapping device at (343, 1225) [bias=120]
2025-08-19 11:21:39,035 - INFO - OCR match: 'Contacts' (score: 100) at (644,1842)
2025-08-19 11:21:39,098 - INFO - Tapping device at (644, 1842) [bias=0]
2025-08-19 11:21:40,101 - INFO - Tapping device at (644, 1762) [bias=80]
2025-08-19 11:21:41,013 - INFO - Tapping device at (644, 1722) [bias=120]
2025-08-19 11:22:39,827 - INFO - OCR match: 'Settings' (score: 100) at (644,1339)
2025-08-19 11:22:39,828 - INFO - Tapping device at (644, 1339) [bias=0]
2025-08-19 11:22:40,743 - INFO - Tapping device at (644, 1259) [bias=80]
2025-08-19 11:22:41,674 - INFO - Tapping device at (644, 1219) [bias=120]
2025-08-19 11:23:29,425 - INFO - OCR match: 'Contacts' (score: 100) at (644,1842)
2025-08-19 11:23:29,427 - INFO - Tapping device at (644, 1842) [bias=0]
2025-08-19 11:23:30,334 - INFO - Tapping device at (644, 1762) [bias=80]
2025-08-19 11:23:31,222 - INFO - Tapping device at (644, 1722) [bias=120]
2025-08-19 11:25:43,701 - INFO - OCR match: 'Contacts' (score: 100) at (644,1842)
2025-08-19 11:25:43,703 - INFO - Tapping device at (644, 1842) [bias=0]
2025-08-19 11:25:44,644 - INFO - Tapping device at (644, 1762) [bias=80]
2025-08-19 11:25:45,586 - INFO - Tapping device at (644, 1722) [bias=120]
2025-08-19 11:54:21,472 - INFO - OCR match: 'Chrome' (score: 100) at (644,1360)
2025-08-19 11:54:21,480 - INFO - Tapping device at (644, 1360) [bias=0]
2025-08-19 11:54:22,752 - INFO - Tapping device at (644, 1280) [bias=80]
2025-08-19 11:54:23,595 - INFO - Tapping device at (644, 1240) [bias=120]
